<?xml version="1.0" encoding="UTF-8"?>
<!-- Generated by org.testng.reporters.JUnitReportReporter -->
<testsuite hostname="sneha-pc" failures="0" tests="3" name="com.wipro.testng1.MultipleTestNG" time="38.543" errors="0" timestamp="2025-08-18T12:42:53 IST" skipped="0">
  <testcase classname="com.wipro.testng1.MultipleTestNG" name="multiradiobutton" time="8.469"/>
  <testcase classname="com.wipro.testng1.MultipleTestNG" name="alerts" time="19.715"/>
  <testcase classname="com.wipro.testng1.MultipleTestNG" name="draganddrop" time="10.359"/>
</testsuite> <!-- com.wipro.testng1.MultipleTestNG -->
