<?xml version="1.0" encoding="UTF-8"?>
<!-- Generated by org.testng.reporters.JUnitReportReporter -->
<testsuite hostname="sneha-pc" failures="0" tests="1" name="com.wipro.testdatafetch.testdatafetchsql" time="60.834" errors="0" timestamp="2025-08-20T12:05:44 IST" skipped="0">
  <testcase classname="com.wipro.testdatafetch.testdatafetchsql" name="readfromDBTest" time="60.834"/>
</testsuite> <!-- com.wipro.testdatafetch.testdatafetchsql -->
