<?xml version="1.0" encoding="UTF-8"?>
<!-- Generated by org.testng.reporters.JUnitReportReporter -->
<testsuite hostname="sneha-pc" failures="0" tests="2" name="com.wipro.testng.TestNGdependency" time="17.525" errors="0" timestamp="2025-08-23T12:20:25 IST" skipped="0">
  <testcase classname="com.wipro.testng.TestNGdependency" name="login" time="11.760"/>
  <testcase classname="com.wipro.testng.TestNGdependency" name="testcheckbox" time="5.765"/>
</testsuite> <!-- com.wipro.testng.TestNGdependency -->
