<?xml version="1.0" encoding="UTF-8"?>
<!-- Generated by org.testng.reporters.JUnitReportReporter -->
<testsuite hostname="sneha-pc" failures="0" tests="6" name="com.wipro.labsession_19.Labassignment4" time="47.815" errors="0" timestamp="2025-08-19T17:08:38 IST" skipped="0">
  <testcase classname="com.wipro.labsession_19.Labassignment4" name="testcase1" time="0.002"/>
  <testcase classname="com.wipro.labsession_19.Labassignment4" name="negativePasswordTest" time="18.134"/>
  <testcase classname="com.wipro.labsession_19.Labassignment4" name="negativeUsernameTest" time="14.181"/>
  <testcase classname="com.wipro.labsession_19.Labassignment4" name="testcase2" time="0.003"/>
  <testcase classname="com.wipro.labsession_19.Labassignment4" name="testcase3" time="0.004"/>
  <testcase classname="com.wipro.labsession_19.Labassignment4" name="positiveLoginTest" time="15.491"/>
</testsuite> <!-- com.wipro.labsession_19.Labassignment4 -->
