<?xml version="1.0" encoding="UTF-8"?>
<!-- Generated by org.testng.reporters.JUnitReportReporter -->
<testsuite hostname="sneha-pc" failures="0" tests="1" name="com.wipro.testng1.TestNGHardAssertions" time="11.944" errors="0" timestamp="2025-08-19T15:06:33 IST" skipped="0">
  <testcase classname="com.wipro.testng1.TestNGHardAssertions" name="testcheckbox" time="11.944"/>
</testsuite> <!-- com.wipro.testng1.TestNGHardAssertions -->
