<?xml version="1.0" encoding="UTF-8"?>
<!-- Generated by org.testng.reporters.JUnitReportReporter -->
<testsuite hostname="sneha-pc" failures="0" tests="1" name="com.wipro.testng.TestNGListenertestcase" time="17.086" errors="0" timestamp="2025-08-19T11:37:40 IST" skipped="0">
  <testcase classname="com.wipro.testng.TestNGListenertestcase" name="testlogin" time="17.086"/>
</testsuite> <!-- com.wipro.testng.TestNGListenertestcase -->
