<?xml version="1.0" encoding="UTF-8"?>
<!-- Generated by org.testng.reporters.JUnitReportReporter -->
<testsuite hostname="sneha-pc" failures="0" tests="2" name="com.wipro.testng1.TestNGdependency" time="25.858" errors="0" timestamp="2025-08-18T13:16:44 IST" skipped="0">
  <testcase classname="com.wipro.testng1.TestNGdependency" name="login" time="13.696"/>
  <testcase classname="com.wipro.testng1.TestNGdependency" name="testcheckbox" time="12.162"/>
</testsuite> <!-- com.wipro.testng1.TestNGdependency -->
