<?xml version="1.0" encoding="UTF-8"?>
<!-- Generated by org.testng.reporters.JUnitReportReporter -->
<testsuite hostname="sneha-pc" failures="0" tests="3" name="com.wipro.labsession_16.TestNGTescases" time="0.009" errors="0" timestamp="2025-08-18T13:39:37 IST" skipped="0">
  <testcase classname="com.wipro.labsession_16.TestNGTescases" name="paymentTest" time="0.004"/>
  <testcase classname="com.wipro.labsession_16.TestNGTescases" name="loginTest" time="0.003"/>
  <testcase classname="com.wipro.labsession_16.TestNGTescases" name="payoutTest" time="0.002"/>
</testsuite> <!-- com.wipro.labsession_16.TestNGTescases -->
