<?xml version="1.0" encoding="UTF-8"?>
<!-- Generated by org.testng.reporters.JUnitReportReporter -->
<testsuite hostname="sneha-pc" failures="0" tests="6" name="com.wipro.labsesssion_18testng.Labassignment4" time="56.306" errors="0" timestamp="2025-08-19T16:11:43 IST" skipped="0">
  <testcase classname="com.wipro.labsesssion_18testng.Labassignment4" name="testcase3" time="0.005"/>
  <testcase classname="com.wipro.labsesssion_18testng.Labassignment4" name="testcase2" time="0.000"/>
  <testcase classname="com.wipro.labsesssion_18testng.Labassignment4" name="negativeUsernameTest" time="16.288"/>
  <testcase classname="com.wipro.labsesssion_18testng.Labassignment4" name="negativePasswordTest" time="15.894"/>
  <testcase classname="com.wipro.labsesssion_18testng.Labassignment4" name="testcase1" time="0.001"/>
  <testcase classname="com.wipro.labsesssion_18testng.Labassignment4" name="positiveLoginTest" time="24.118"/>
</testsuite> <!-- com.wipro.labsesssion_18testng.Labassignment4 -->
