<?xml version="1.0" encoding="UTF-8"?>
<!-- Generated by org.testng.reporters.JUnitReportReporter -->
<testsuite hostname="sneha-pc" failures="0" tests="3" name="com.wipro.testng.TestDataProviders" time="60.608" errors="0" timestamp="2025-08-20T09:30:01 IST" skipped="0">
  <testcase classname="com.wipro.testng.TestDataProviders" name="loginTest" time="20.680"/>
  <testcase classname="com.wipro.testng.TestDataProviders" name="loginTest" time="19.552"/>
  <testcase classname="com.wipro.testng.TestDataProviders" name="loginTest" time="20.376"/>
</testsuite> <!-- com.wipro.testng.TestDataProviders -->
