<?xml version="1.0" encoding="UTF-8"?>
<!-- Generated by org.testng.reporters.JUnitReportReporter -->
<testsuite hostname="sneha-pc" failures="0" tests="1" name="com.wipro.testng1.TestNGSoftAssertions" time="12.201" errors="0" timestamp="2025-08-19T15:19:50 IST" skipped="0">
  <testcase classname="com.wipro.testng1.TestNGSoftAssertions" name="testcheckbox" time="12.201"/>
</testsuite> <!-- com.wipro.testng1.TestNGSoftAssertions -->
