<?xml version="1.0" encoding="UTF-8"?>
<!-- Generated by org.testng.reporters.JUnitReportReporter -->
<testsuite hostname="sneha-pc" failures="0" tests="1" name="com.wipro.testng1.TestNGParameterization" time="7.725" errors="0" timestamp="2025-08-18T15:56:11 IST" skipped="0">
  <testcase classname="com.wipro.testng1.TestNGParameterization" name="testparameters" time="7.725"/>
</testsuite> <!-- com.wipro.testng1.TestNGParameterization -->
