<?xml version="1.0" encoding="UTF-8"?>
<!-- Generated by org.testng.reporters.JUnitReportReporter -->
<testsuite hostname="sneha-pc" failures="0" tests="3" name="com.wipro.labsesssion_18testng.labsession4" time="43.839" errors="0" timestamp="2025-08-19T09:20:31 IST" skipped="0">
  <testcase classname="com.wipro.labsesssion_18testng.labsession4" name="negativePasswordTest" time="19.186"/>
  <testcase classname="com.wipro.labsesssion_18testng.labsession4" name="negativeUsernameTest" time="11.928"/>
  <testcase classname="com.wipro.labsesssion_18testng.labsession4" name="positiveLoginTest" time="12.725"/>
</testsuite> <!-- com.wipro.labsesssion_18testng.labsession4 -->
