<?xml version="1.0" encoding="UTF-8"?>
<!-- Generated by org.testng.reporters.JUnitReportReporter -->
<testsuite hostname="sneha-pc" failures="0" tests="1" name="com.wipro.testng.Testngtestcase" time="23.722" errors="0" timestamp="2025-08-20T10:43:08 IST" skipped="0">
  <testcase classname="com.wipro.testng.Testngtestcase" name="login" time="23.722"/>
</testsuite> <!-- com.wipro.testng.Testngtestcase -->
