<?xml version="1.0" encoding="UTF-8"?>
<!-- Generated by org.testng.reporters.JUnitReportReporter -->
<testsuite hostname="sneha-pc" failures="0" tests="1" name="com.wipro.testng1.TestNGlisterstestcase" time="20.499" errors="0" timestamp="2025-08-19T15:31:38 IST" skipped="0">
  <testcase classname="com.wipro.testng1.TestNGlisterstestcase" name="testcheckbox" time="20.499"/>
</testsuite> <!-- com.wipro.testng1.TestNGlisterstestcase -->
