<?xml version="1.0" encoding="UTF-8"?>
<!-- Generated by org.testng.reporters.JUnitReportReporter -->
<testsuite hostname="sneha-pc" failures="0" tests="1" name="com.wipro.testng.launchbrowser" time="6.653" errors="0" timestamp="2025-08-18T13:39:37 IST" skipped="0">
  <testcase classname="com.wipro.testng.launchbrowser" name="launchingbrowser" time="6.653"/>
</testsuite> <!-- com.wipro.testng.launchbrowser -->
