<?xml version="1.0" encoding="UTF-8"?>
<!-- Generated by org.testng.reporters.JUnitReportReporter -->
<testsuite hostname="sneha-pc" failures="0" tests="1" name="com.wipro.testng1.TestNGAnnotations" time="0.009" errors="0" timestamp="2025-08-19T14:38:44 IST" skipped="0">
  <testcase classname="com.wipro.testng1.TestNGAnnotations" name="testcase1" time="0.009"/>
</testsuite> <!-- com.wipro.testng1.TestNGAnnotations -->
