<?xml version="1.0" encoding="UTF-8"?>
<!-- Generated by org.testng.reporters.JUnitReportReporter -->
<testsuite hostname="sneha-pc" failures="0" tests="3" name="com.wipro.labsession_18.loginlabsession4" time="45.365" errors="0" timestamp="2025-08-19T15:58:06 IST" skipped="0">
  <testcase classname="com.wipro.labsession_18.loginlabsession4" name="positiveLoginTest" time="19.115"/>
  <testcase classname="com.wipro.labsession_18.loginlabsession4" name="negativeUsernameTest" time="13.502"/>
  <testcase classname="com.wipro.labsession_18.loginlabsession4" name="negativePasswordTest" time="12.748"/>
</testsuite> <!-- com.wipro.labsession_18.loginlabsession4 -->
