<?xml version="1.0" encoding="UTF-8"?>
<!-- Generated by org.testng.reporters.JUnitReportReporter -->
<testsuite hostname="sneha-pc" failures="0" tests="3" name="com.wipro.labsession_16.TestNGTestcases2" time="0.019" errors="0" timestamp="2025-08-16T17:45:14 IST" skipped="0">
  <testcase classname="com.wipro.labsession_16.TestNGTestcases2" name="Viewuser" time="0.002"/>
  <testcase classname="com.wipro.labsession_16.TestNGTestcases2" name="Deleteuser" time="0.014"/>
  <testcase classname="com.wipro.labsession_16.TestNGTestcases2" name="createUser" time="0.003"/>
</testsuite> <!-- com.wipro.labsession_16.TestNGTestcases2 -->
