<?xml version="1.0" encoding="UTF-8"?>
<!-- Generated by org.testng.reporters.JUnitReportReporter -->
<testsuite hostname="sneha-pc" failures="0" tests="4" name="com.wipro.testng.MultipleTestNG" time="59.920" errors="0" timestamp="2025-08-25T10:05:50 IST" skipped="0">
  <testcase classname="com.wipro.testng.MultipleTestNG" name="testdragdrop" time="8.808"/>
  <testcase classname="com.wipro.testng.MultipleTestNG" name="radiobuttons" time="15.896"/>
  <testcase classname="com.wipro.testng.MultipleTestNG" name="testcheckbox" time="12.688"/>
  <testcase classname="com.wipro.testng.MultipleTestNG" name="testalerts" time="22.528"/>
</testsuite> <!-- com.wipro.testng.MultipleTestNG -->
