<?xml version="1.0" encoding="UTF-8"?>
<!-- Generated by org.testng.reporters.JUnitReportReporter -->
<testsuite hostname="sneha-pc" failures="0" tests="4" name="com.wipro.testng.TestNGTestcases" time="0.021" errors="0" timestamp="2025-08-23T10:55:06 IST" skipped="0">
  <testcase classname="com.wipro.testng.TestNGTestcases" name="testcase2" time="0.002"/>
  <testcase classname="com.wipro.testng.TestNGTestcases" name="testcase1" time="0.015"/>
  <testcase classname="com.wipro.testng.TestNGTestcases" name="testcase3" time="0.002"/>
  <testcase classname="com.wipro.testng.TestNGTestcases" name="testcase4" time="0.002"/>
</testsuite> <!-- com.wipro.testng.TestNGTestcases -->
