<?xml version="1.0" encoding="UTF-8"?>
<!-- Generated by org.testng.reporters.JUnitReportReporter -->
<testsuite hostname="sneha-pc" failures="0" tests="3" name="com.wipro.testng.TestNGAnnotations" time="0.029" errors="0" timestamp="2025-08-19T10:46:59 IST" skipped="0">
  <testcase classname="com.wipro.testng.TestNGAnnotations" name="testcase3" time="0.007"/>
  <testcase classname="com.wipro.testng.TestNGAnnotations" name="testcase2" time="0.007"/>
  <testcase classname="com.wipro.testng.TestNGAnnotations" name="testcase1" time="0.015"/>
</testsuite> <!-- com.wipro.testng.TestNGAnnotations -->
