<?xml version="1.0" encoding="UTF-8"?>
<!-- Generated by org.testng.reporters.JUnitReportReporter -->
<testsuite hostname="sneha-pc" failures="0" tests="1" name="com.wipro.testng.TestNGSoftAssertion" time="23.945" errors="0" timestamp="2025-08-19T15:17:58 IST" skipped="0">
  <testcase classname="com.wipro.testng.TestNGSoftAssertion" name="testlogin" time="23.945"/>
</testsuite> <!-- com.wipro.testng.TestNGSoftAssertion -->
