<?xml version="1.0" encoding="UTF-8"?>
<!-- Generated by org.testng.reporters.JUnitReportReporter -->
<testsuite hostname="sneha-pc" failures="0" tests="2" name="com.wipro.testng1.TestNGTestcases" time="0.016" errors="0" timestamp="2025-08-18T14:52:50 IST" skipped="0">
  <testcase classname="com.wipro.testng1.TestNGTestcases" name="testcase4" time="0.005"/>
  <testcase classname="com.wipro.testng1.TestNGTestcases" name="testcase2" time="0.011"/>
</testsuite> <!-- com.wipro.testng1.TestNGTestcases -->
